Arguments: 
  C:\Program Files\nodejs\node.exe C:\Users\lenovo\AppData\Roaming\npm\node_modules\yarn\bin\yarn.js remove fs

PATH: 
  C:\Program Files (x86)\Intel\iCLS Client\;C:\Program Files\Intel\iCLS Client\;C:\Windows\system32;C:\Windows;C:\Windows\System32\Wbem;C:\Windows\System32\WindowsPowerShell\v1.0\;C:\Program Files (x86)\Intel\Intel(R) Management Engine Components\DAL;C:\Program Files\Intel\Intel(R) Management Engine Components\DAL;C:\Program Files (x86)\Intel\Intel(R) Management Engine Components\IPT;C:\Program Files\Intel\Intel(R) Management Engine Components\IPT;C:\Program Files (x86)\NVIDIA Corporation\PhysX\Common;C:\WINDOWS\system32;C:\WINDOWS;C:\WINDOWS\System32\Wbem;C:\WINDOWS\System32\WindowsPowerShell\v1.0\;D:\软件安装包\安装路径\Git\cmd;C:\Program Files\nodejs;C:\Users\lenovo\AppData\Roaming\npm;C:\Users\lenovo\AppData\Local\Microsoft\WindowsApps;C:\Users\lenovo\AppData\Roaming\npm;D:\Program Files\Microsoft VS Code\bin;D:\Program Files (x86)\Microsoft VS Code\bin;D:\Program Files (x86)\Microsoft VS Codess\bin;D:\Program Files (x86)\Microsoft VS Codesss\bin

Yarn version: 
  1.5.1

Node version: 
  8.9.3

Platform: 
  win32 x64

npm manifest: 
  {
    "name": "mods",
    "version": "1.0.0",
    "description": "",
    "main": "main.js",
    "scripts": {
      "test": "echo \"Error: no test specified\" && exit 1"
    },
    "author": "",
    "license": "ISC",
    "devDependencies": {
      "babel-cli": "^6.26.0",
      "babel-preset-env": "^1.6.1",
      "fs": "^0.0.1-security"
    }
  }

yarn manifest: 
  No manifest

Lockfile: 
  No lockfile

Trace: 
  Error: No lockfile in this directory. Run `yarn install` to generate one.
      at new MessageError (C:\Users\lenovo\AppData\Roaming\npm\node_modules\yarn\lib\cli.js:186:110)
      at C:\Users\lenovo\AppData\Roaming\npm\node_modules\yarn\lib\cli.js:89389:13
      at <anonymous>
